La génération a démarré 03/03/2015 11:41:08.
     1>Projet "C:\Users\Dany\Desktop\ENPC\Projet_MOPSI\Scripts\CPP\Schema_num\build\MOPSI_Project.vcxproj" sur le nœud 2 (Build cible(s)).
     1>ClCompile:
         C:\Program Files (x86)\Microsoft Visual Studio 11.0\VC\bin\CL.exe /c /Zi /nologo /W3 /WX- /Od /Ob0 /Oy- /D WIN32 /D _WINDOWS /D _DEBUG /D "CMAKE_INTDIR=\"Debug\"" /D _MBCS /Gm- /EHsc /RTC1 /MDd /GS /fp:precise /Zc:wchar_t /Zc:forScope /GR /Fo"MOPSI_Project.dir\Debug\\" /Fd"MOPSI_Project.dir\Debug\vc110.pdb" /Gd /TP /analyze- /errorReport:prompt ..\main.cpp
         main.cpp
     1>..\main.cpp(112): warning C4101: 'p' : variable locale non référencée
     1>..\main.cpp(106): warning C4101: 's' : variable locale non référencée
     1>..\main.cpp(104): warning C4101: 'f' : variable locale non référencée
     1>..\main.cpp(105): warning C4101: 'g' : variable locale non référencée
     1>..\main.cpp(61): warning C4244: 'argument' : conversion de 'double' en 'int', perte possible de données
                 ..\main.cpp(94) : voir la référence à l'instanciation de la fonction modèle 'std::complex<double> romberg<int1_attari>(Function,double,double,int)' en cours de compilation
                 with
                 [
                     Function=int1_attari
                 ]
       Link:
         C:\Program Files (x86)\Microsoft Visual Studio 11.0\VC\bin\link.exe /ERRORREPORT:PROMPT /OUT:"C:\Users\Dany\Desktop\ENPC\Projet_MOPSI\Scripts\CPP\Schema_num\build\Debug\MOPSI_Project.exe" /INCREMENTAL /NOLOGO kernel32.lib user32.lib gdi32.lib winspool.lib shell32.lib ole32.lib oleaut32.lib uuid.lib comdlg32.lib advapi32.lib /MANIFEST /MANIFESTUAC:"level='asInvoker' uiAccess='false'" /manifest:embed /DEBUG /PDB:"C:/Users/Dany/Desktop/ENPC/Projet_MOPSI/Scripts/CPP/Schema_num/build/Debug/MOPSI_Project.pdb" /SUBSYSTEM:CONSOLE /TLBID:1 /DYNAMICBASE /NXCOMPAT /IMPLIB:"C:/Users/Dany/Desktop/ENPC/Projet_MOPSI/Scripts/CPP/Schema_num/build/Debug/MOPSI_Project.lib" /MACHINE:X86 /SAFESEH  /machine:X86 /debug MOPSI_Project.dir\Debug\main.obj
         MOPSI_Project.dir\Debug\fonctions.obj
         MOPSI_Project.vcxproj -> C:\Users\Dany\Desktop\ENPC\Projet_MOPSI\Scripts\CPP\Schema_num\build\Debug\MOPSI_Project.exe
     1>Génération du projet "C:\Users\Dany\Desktop\ENPC\Projet_MOPSI\Scripts\CPP\Schema_num\build\MOPSI_Project.vcxproj" terminée (Build cible(s)).

La génération a réussi.

Temps écoulé 00:00:01.23
